<?xml version="1.0" encoding="UTF-8"?>
<testsuites name="Regression Test Suit" time="81" tests="2" failures="0" errors="0">
   <testsuite name="Regression Test Suit" tests="2" failures="0" errors="0" time="81" timestamp="2019-04-06 15:28:45" hostname="md - 192.168.0.12" id="Test Suites/Regression Test Suit">
      <properties>
         <property name="deviceName" value=""/>
         <property name="devicePlatform" value=""/>
         <property name="logFolder" value="E:\\Kata\\Login\\Reports\\Regression Test Suit\\20190406_152843"/>
         <property name="logFiles" value="E:\\Kata\\Login\\Reports\\Regression Test Suit\\20190406_152843\\execution0.log"/>
         <property name="attachments" value=""/>
         <property name="hostName" value="md - 192.168.0.12"/>
         <property name="os" value="Windows 10 64bit"/>
         <property name="katalonVersion" value="6.1.0.1"/>
         <property name="browser" value="Firefox 66.0"/>
         <property name="hostAddress" value="192.168.0.12"/>
         <property name="sessionId" value="30665d47-57fc-4666-9f3d-03f6e24f15c4"/>
         <property name="seleniumVersion" value="3.7.1"/>
         <property name="proxyInformation" value="ProxyInformation{proxyOption=NO_PROXY, proxyServerType=HTTP, password=, proxyServerAddress=, proxyServerPort=0}"/>
         <property name="platform" value="Windows 10"/>
      </properties>
      <testcase name="Test Cases/Clicking TimeSheet after logging in" classname="Test Cases/Clicking TimeSheet after logging in" status="PASSED">
         <system-out><![CDATA[2019-04-06 15:28:45 - [TEST_CASE][PASSED] - Test Cases/Clicking TimeSheet after logging in: Test Cases/Clicking TimeSheet after logging in

2019-04-06 15:28:45 - [TEST_STEP][PASSED] - openBrowser(""): Browser is opened with url: ''

2019-04-06 15:28:45 - [MESSAGE][INFO] - Starting 'Firefox' driver

2019-04-06 15:28:46 - [MESSAGE][INFO] - Action delay is set to 0 seconds

2019-04-06 15:28:50 - [MESSAGE][PASSED] - Browser is opened with url: ''

2019-04-06 15:28:50 - [TEST_STEP][PASSED] - navigateToUrl("https://opensource-demo.orangehrmlive.com/index.php/auth/login"): Navigate to 'https://opensource-demo.orangehrmlive.com/index.php/auth/login' successfully

2019-04-06 15:28:51 - [MESSAGE][PASSED] - Navigate to 'https://opensource-demo.orangehrmlive.com/index.php/auth/login' successfully

2019-04-06 15:28:51 - [TEST_STEP][PASSED] - setText(findTestObject("OR_Test4/Page_OrangeHRM/input_LOGIN Panel_txtUsername"), "Admin"): Text 'Admin' is set on object 'Object Repository/OR_Test4/Page_OrangeHRM/input_LOGIN Panel_txtUsername'

2019-04-06 15:28:51 - [MESSAGE][PASSED] - Text 'Admin' is set on object 'Object Repository/OR_Test4/Page_OrangeHRM/input_LOGIN Panel_txtUsername'

2019-04-06 15:28:51 - [TEST_STEP][PASSED] - setEncryptedText(findTestObject("OR_Test4/Page_OrangeHRM/input_Username_txtPassword"), "hUKwJTbofgPU9eVlw/CnDQ=="): Text ****** has been set on object 'Object Repository/OR_Test4/Page_OrangeHRM/input_Username_txtPassword'

2019-04-06 15:28:51 - [MESSAGE][PASSED] - Text ****** has been set on object 'Object Repository/OR_Test4/Page_OrangeHRM/input_Username_txtPassword'

2019-04-06 15:28:51 - [TEST_STEP][PASSED] - click(findTestObject("OR_Test4/Page_OrangeHRM/input_Password_Submit")): Object: 'Object Repository/OR_Test4/Page_OrangeHRM/input_Password_Submit' is clicked on

2019-04-06 15:28:52 - [MESSAGE][PASSED] - Object: 'Object Repository/OR_Test4/Page_OrangeHRM/input_Password_Submit' is clicked on

2019-04-06 15:28:52 - [TEST_STEP][PASSED] - verifyElementPresent(findTestObject("OR_Test4/Page_OrangeHRM/img"), 0): Object 'Object Repository/OR_Test4/Page_OrangeHRM/img' is present

2019-04-06 15:28:52 - [MESSAGE][WARNING] - Timeout '0' is invalid. Using default page load timeout: '30'

2019-04-06 15:28:52 - [MESSAGE][PASSED] - Object 'Object Repository/OR_Test4/Page_OrangeHRM/img' is present

2019-04-06 15:28:52 - [TEST_STEP][PASSED] - click(findTestObject("OR_Test4/Page_OrangeHRM/img")): Object: 'Object Repository/OR_Test4/Page_OrangeHRM/img' is clicked on

2019-04-06 15:28:53 - [MESSAGE][PASSED] - Object: 'Object Repository/OR_Test4/Page_OrangeHRM/img' is clicked on

2019-04-06 15:28:53 - [TEST_STEP][PASSED] - verifyElementText(findTestObject("OR_Test4/Page_OrangeHRM/h1_Timesheets Pending Action"), "Timesheets Pending Action"): Actual text and expected text of test object 'Object Repository/OR_Test4/Page_OrangeHRM/h1_Timesheets Pending Action' are matched.

2019-04-06 15:28:53 - [MESSAGE][PASSED] - Actual text and expected text of test object 'Object Repository/OR_Test4/Page_OrangeHRM/h1_Timesheets Pending Action' are matched.

2019-04-06 15:28:53 - [TEST_STEP][PASSED] - closeBrowser(): Browser is closed

2019-04-06 15:28:54 - [MESSAGE][PASSED] - Browser is closed]]></system-out>
         <system-err><![CDATA[]]></system-err>
      </testcase>
      <testcase name="Test Cases/First Appointment" classname="Test Cases/First Appointment" status="PASSED">
         <system-out><![CDATA[2019-04-06 15:28:54 - [TEST_CASE][PASSED] - Test Cases/First Appointment: Test Cases/First Appointment

2019-04-06 15:28:54 - [TEST_STEP][PASSED] - openBrowser(""): Browser is opened with url: ''

2019-04-06 15:28:54 - [MESSAGE][INFO] - Starting 'Firefox' driver

2019-04-06 15:28:57 - [MESSAGE][PASSED] - Browser is opened with url: ''

2019-04-06 15:28:57 - [TEST_STEP][PASSED] - navigateToUrl("https://katalon-demo-cura.herokuapp.com/"): Navigate to 'https://katalon-demo-cura.herokuapp.com/' successfully

2019-04-06 15:28:58 - [MESSAGE][PASSED] - Navigate to 'https://katalon-demo-cura.herokuapp.com/' successfully

2019-04-06 15:28:58 - [TEST_STEP][PASSED] - click(findTestObject("Object Repository/Page_CURA Healthcare Service/a_Make Appointment")): Object: 'Object Repository/Page_CURA Healthcare Service/a_Make Appointment' is clicked on

2019-04-06 15:28:58 - [MESSAGE][PASSED] - Object: 'Object Repository/Page_CURA Healthcare Service/a_Make Appointment' is clicked on

2019-04-06 15:28:58 - [TEST_STEP][PASSED] - delay(6): Delayed 6 second(s)

2019-04-06 15:29:04 - [MESSAGE][PASSED] - Delayed 6 second(s)

2019-04-06 15:29:04 - [TEST_STEP][PASSED] - setText(findTestObject("Object Repository/Page_CURA Healthcare Service/input_Username_username"), "John Doe"): Text 'John Doe' is set on object 'Object Repository/Page_CURA Healthcare Service/input_Username_username'

2019-04-06 15:29:04 - [MESSAGE][PASSED] - Text 'John Doe' is set on object 'Object Repository/Page_CURA Healthcare Service/input_Username_username'

2019-04-06 15:29:04 - [TEST_STEP][PASSED] - setEncryptedText(findTestObject("Object Repository/Page_CURA Healthcare Service/input_Password_password"), "g3/DOGG74jC3Flrr3yH+3D/yKbOqqUNM"): Text ****** has been set on object 'Object Repository/Page_CURA Healthcare Service/input_Password_password'

2019-04-06 15:29:04 - [MESSAGE][PASSED] - Text ****** has been set on object 'Object Repository/Page_CURA Healthcare Service/input_Password_password'

2019-04-06 15:29:04 - [TEST_STEP][PASSED] - delay(6): Delayed 6 second(s)

2019-04-06 15:29:10 - [MESSAGE][PASSED] - Delayed 6 second(s)

2019-04-06 15:29:10 - [TEST_STEP][PASSED] - click(findTestObject("Object Repository/Page_CURA Healthcare Service/button_Login")): Object: 'Object Repository/Page_CURA Healthcare Service/button_Login' is clicked on

2019-04-06 15:29:10 - [MESSAGE][PASSED] - Object: 'Object Repository/Page_CURA Healthcare Service/button_Login' is clicked on

2019-04-06 15:29:10 - [TEST_STEP][PASSED] - delay(6): Delayed 6 second(s)

2019-04-06 15:29:16 - [MESSAGE][PASSED] - Delayed 6 second(s)

2019-04-06 15:29:16 - [TEST_STEP][PASSED] - selectOptionByValue(findTestObject("Object Repository/Page_CURA Healthcare Service/select_Tokyo CURA Healthcare Center                            Hongkong CURA Healthcare Center                            Seoul CURA Healthcare Center"), "Hongkong CURA Healthcare Center", true): All options with value 'Hongkong CURA Healthcare Center' are selected in object 'Object Repository/Page_CURA Healthcare Service/select_Tokyo CURA Healthcare Center                            Hongkong CURA Healthcare Center                            Seoul CURA Healthcare Center'  using regular expression

2019-04-06 15:29:16 - [MESSAGE][PASSED] - All options with value 'Hongkong CURA Healthcare Center' are selected in object 'Object Repository/Page_CURA Healthcare Service/select_Tokyo CURA Healthcare Center                            Hongkong CURA Healthcare Center                            Seoul CURA Healthcare Center'  using regular expression

2019-04-06 15:29:16 - [TEST_STEP][PASSED] - delay(6): Delayed 6 second(s)

2019-04-06 15:29:22 - [MESSAGE][PASSED] - Delayed 6 second(s)

2019-04-06 15:29:22 - [TEST_STEP][PASSED] - click(findTestObject("Object Repository/Page_CURA Healthcare Service/input_Apply for hospital readmission_hospital_readmission")): Object: 'Object Repository/Page_CURA Healthcare Service/input_Apply for hospital readmission_hospital_readmission' is clicked on

2019-04-06 15:29:23 - [MESSAGE][PASSED] - Object: 'Object Repository/Page_CURA Healthcare Service/input_Apply for hospital readmission_hospital_readmission' is clicked on

2019-04-06 15:29:23 - [TEST_STEP][PASSED] - delay(6): Delayed 6 second(s)

2019-04-06 15:29:29 - [MESSAGE][PASSED] - Delayed 6 second(s)

2019-04-06 15:29:29 - [TEST_STEP][PASSED] - click(findTestObject("Object Repository/Page_CURA Healthcare Service/div_Medicare                                                                             Medicaid                                                                             None")): Object: 'Object Repository/Page_CURA Healthcare Service/div_Medicare                                                                             Medicaid                                                                             None' is clicked on

2019-04-06 15:29:29 - [MESSAGE][PASSED] - Object: 'Object Repository/Page_CURA Healthcare Service/div_Medicare                                                                             Medicaid                                                                             None' is clicked on

2019-04-06 15:29:29 - [TEST_STEP][PASSED] - delay(6): Delayed 6 second(s)

2019-04-06 15:29:35 - [MESSAGE][PASSED] - Delayed 6 second(s)

2019-04-06 15:29:35 - [TEST_STEP][PASSED] - click(findTestObject("Object Repository/Page_CURA Healthcare Service/input_Medicaid_programs")): Object: 'Object Repository/Page_CURA Healthcare Service/input_Medicaid_programs' is clicked on

2019-04-06 15:29:35 - [MESSAGE][PASSED] - Object: 'Object Repository/Page_CURA Healthcare Service/input_Medicaid_programs' is clicked on

2019-04-06 15:29:35 - [TEST_STEP][PASSED] - delay(6): Delayed 6 second(s)

2019-04-06 15:29:41 - [MESSAGE][PASSED] - Delayed 6 second(s)

2019-04-06 15:29:41 - [TEST_STEP][PASSED] - click(findTestObject("Object Repository/Page_CURA Healthcare Service/span_Visit Date (Required)_glyphicon glyphicon-calendar")): Object: 'Object Repository/Page_CURA Healthcare Service/span_Visit Date (Required)_glyphicon glyphicon-calendar' is clicked on

2019-04-06 15:29:41 - [MESSAGE][PASSED] - Object: 'Object Repository/Page_CURA Healthcare Service/span_Visit Date (Required)_glyphicon glyphicon-calendar' is clicked on

2019-04-06 15:29:41 - [TEST_STEP][PASSED] - delay(6): Delayed 6 second(s)

2019-04-06 15:29:47 - [MESSAGE][PASSED] - Delayed 6 second(s)

2019-04-06 15:29:47 - [TEST_STEP][PASSED] - click(findTestObject("Object Repository/Page_CURA Healthcare Service/td_26")): Object: 'Object Repository/Page_CURA Healthcare Service/td_26' is clicked on

2019-04-06 15:29:48 - [MESSAGE][PASSED] - Object: 'Object Repository/Page_CURA Healthcare Service/td_26' is clicked on

2019-04-06 15:29:48 - [TEST_STEP][PASSED] - delay(6): Delayed 6 second(s)

2019-04-06 15:29:54 - [MESSAGE][PASSED] - Delayed 6 second(s)

2019-04-06 15:29:54 - [TEST_STEP][PASSED] - setText(findTestObject("Object Repository/Page_CURA Healthcare Service/textarea_Comment_comment"), "Hi There"): Text 'Hi There' is set on object 'Object Repository/Page_CURA Healthcare Service/textarea_Comment_comment'

2019-04-06 15:29:54 - [MESSAGE][PASSED] - Text 'Hi There' is set on object 'Object Repository/Page_CURA Healthcare Service/textarea_Comment_comment'

2019-04-06 15:29:54 - [TEST_STEP][PASSED] - delay(6): Delayed 6 second(s)

2019-04-06 15:30:00 - [MESSAGE][PASSED] - Delayed 6 second(s)

2019-04-06 15:30:00 - [TEST_STEP][PASSED] - click(findTestObject("Object Repository/Page_CURA Healthcare Service/button_Book Appointment")): Object: 'Object Repository/Page_CURA Healthcare Service/button_Book Appointment' is clicked on

2019-04-06 15:30:00 - [MESSAGE][PASSED] - Object: 'Object Repository/Page_CURA Healthcare Service/button_Book Appointment' is clicked on

2019-04-06 15:30:00 - [TEST_STEP][PASSED] - delay(6): Delayed 6 second(s)

2019-04-06 15:30:06 - [MESSAGE][PASSED] - Delayed 6 second(s)

2019-04-06 15:30:06 - [TEST_STEP][PASSED] - closeBrowser(): Browser is closed

2019-04-06 15:30:06 - [MESSAGE][PASSED] - Browser is closed]]></system-out>
         <system-err><![CDATA[]]></system-err>
      </testcase>
      <system-out><![CDATA[2019-04-06 15:28:45 - [TEST_SUITE][PASSED] - Regression Test Suit: Test Cases/First Appointment]]></system-out>
      <system-err><![CDATA[]]></system-err>
   </testsuite>
</testsuites>
