<?xml version="1.0" encoding="UTF-8"?>
<testsuites name="Login Test Suit" time="41" tests="1" failures="0" errors="0">
   <testsuite name="Login Test Suit" tests="1" failures="0" errors="0" time="41" timestamp="2019-04-06 16:05:26" hostname="md - 192.168.0.12" id="Test Suites/Login Test Suit">
      <properties>
         <property name="deviceName" value=""/>
         <property name="devicePlatform" value=""/>
         <property name="logFolder" value="E:\\Kata\\Login\\Reports\\Login Test Suit\\20190406_160525"/>
         <property name="logFiles" value="E:\\Kata\\Login\\Reports\\Login Test Suit\\20190406_160525\\execution0.log"/>
         <property name="attachments" value=""/>
         <property name="hostName" value="md - 192.168.0.12"/>
         <property name="os" value="Windows 10 64bit"/>
         <property name="katalonVersion" value="6.1.0.1"/>
         <property name="browser" value="Chrome 73.0.3683.86"/>
         <property name="hostAddress" value="192.168.0.12"/>
         <property name="sessionId" value="b7e198f38dd7985a463a67456c809a19"/>
         <property name="seleniumVersion" value="3.7.1"/>
         <property name="proxyInformation" value="ProxyInformation{proxyOption=NO_PROXY, proxyServerType=HTTP, password=, proxyServerAddress=, proxyServerPort=0}"/>
         <property name="platform" value="Windows 10"/>
      </properties>
      <testcase name="Test Cases/Login to CURA Health Website" classname="Test Cases/Login to CURA Health Website" status="PASSED">
         <system-out><![CDATA[2019-04-06 16:05:26 - [TEST_CASE][PASSED] - Test Cases/Login to CURA Health Website: Test Cases/Login to CURA Health Website

2019-04-06 16:05:26 - [TEST_STEP][PASSED] - openBrowser(""): Browser is opened with url: ''

2019-04-06 16:05:27 - [MESSAGE][INFO] - Starting 'Chrome' driver

2019-04-06 16:05:27 - [MESSAGE][INFO] - Action delay is set to 0 seconds

2019-04-06 16:05:30 - [MESSAGE][PASSED] - Browser is opened with url: ''

2019-04-06 16:05:30 - [TEST_STEP][PASSED] - navigateToUrl("https://katalon-demo-cura.herokuapp.com/"): Navigate to 'https://katalon-demo-cura.herokuapp.com/' successfully

2019-04-06 16:05:30 - [MESSAGE][PASSED] - Navigate to 'https://katalon-demo-cura.herokuapp.com/' successfully

2019-04-06 16:05:30 - [TEST_STEP][PASSED] - click(findTestObject("Object Repository/Page_CURA Healthcare Service/i_CURA Healthcare_fa fa-bars")): Object: 'Object Repository/Page_CURA Healthcare Service/i_CURA Healthcare_fa fa-bars' is clicked on

2019-04-06 16:05:30 - [MESSAGE][PASSED] - Object: 'Object Repository/Page_CURA Healthcare Service/i_CURA Healthcare_fa fa-bars' is clicked on

2019-04-06 16:05:30 - [TEST_STEP][PASSED] - delay(6): Delayed 6 second(s)

2019-04-06 16:05:36 - [MESSAGE][PASSED] - Delayed 6 second(s)

2019-04-06 16:05:36 - [TEST_STEP][PASSED] - click(findTestObject("Object Repository/Page_CURA Healthcare Service/a_Login")): Object: 'Object Repository/Page_CURA Healthcare Service/a_Login' is clicked on

2019-04-06 16:05:37 - [MESSAGE][PASSED] - Object: 'Object Repository/Page_CURA Healthcare Service/a_Login' is clicked on

2019-04-06 16:05:37 - [TEST_STEP][PASSED] - delay(6): Delayed 6 second(s)

2019-04-06 16:05:43 - [MESSAGE][PASSED] - Delayed 6 second(s)

2019-04-06 16:05:43 - [TEST_STEP][PASSED] - setText(findTestObject("Object Repository/Page_CURA Healthcare Service/input_Username_username"), "John Doe"): Text 'John Doe' is set on object 'Object Repository/Page_CURA Healthcare Service/input_Username_username'

2019-04-06 16:05:43 - [MESSAGE][PASSED] - Text 'John Doe' is set on object 'Object Repository/Page_CURA Healthcare Service/input_Username_username'

2019-04-06 16:05:43 - [TEST_STEP][PASSED] - delay(6): Delayed 6 second(s)

2019-04-06 16:05:49 - [MESSAGE][PASSED] - Delayed 6 second(s)

2019-04-06 16:05:49 - [TEST_STEP][PASSED] - setEncryptedText(findTestObject("Object Repository/Page_CURA Healthcare Service/input_Password_password"), "npnYCJoQVm0="): Text ****** has been set on object 'Object Repository/Page_CURA Healthcare Service/input_Password_password'

2019-04-06 16:05:49 - [MESSAGE][PASSED] - Text ****** has been set on object 'Object Repository/Page_CURA Healthcare Service/input_Password_password'

2019-04-06 16:05:49 - [TEST_STEP][PASSED] - delay(6): Delayed 6 second(s)

2019-04-06 16:05:55 - [MESSAGE][PASSED] - Delayed 6 second(s)

2019-04-06 16:05:55 - [TEST_STEP][PASSED] - click(findTestObject("Object Repository/Page_CURA Healthcare Service/button_Login")): Object: 'Object Repository/Page_CURA Healthcare Service/button_Login' is clicked on

2019-04-06 16:05:55 - [MESSAGE][PASSED] - Object: 'Object Repository/Page_CURA Healthcare Service/button_Login' is clicked on

2019-04-06 16:05:55 - [TEST_STEP][PASSED] - delay(6): Delayed 6 second(s)

2019-04-06 16:06:01 - [MESSAGE][PASSED] - Delayed 6 second(s)

2019-04-06 16:06:01 - [TEST_STEP][PASSED] - click(findTestObject("Object Repository/Page_CURA Healthcare Service/p_Login failed Please ensure the username and password are valid")): Object: 'Object Repository/Page_CURA Healthcare Service/p_Login failed Please ensure the username and password are valid' is clicked on

2019-04-06 16:06:01 - [MESSAGE][PASSED] - Object: 'Object Repository/Page_CURA Healthcare Service/p_Login failed Please ensure the username and password are valid' is clicked on

2019-04-06 16:06:01 - [TEST_STEP][PASSED] - delay(6): Delayed 6 second(s)

2019-04-06 16:06:07 - [MESSAGE][PASSED] - Delayed 6 second(s)

2019-04-06 16:06:07 - [TEST_STEP][PASSED] - closeBrowser(): Browser is closed

2019-04-06 16:06:08 - [MESSAGE][PASSED] - Browser is closed]]></system-out>
         <system-err><![CDATA[]]></system-err>
      </testcase>
      <system-out><![CDATA[2019-04-06 16:05:26 - [TEST_SUITE][PASSED] - Login Test Suit: Test Cases/Login to CURA Health Website]]></system-out>
      <system-err><![CDATA[]]></system-err>
   </testsuite>
</testsuites>
